android/app/build/intermediates/manifest_merge_blame_file/release/manifest-merger-blame-release-report.txt
1<?xml version="1.0" encoding="utf-8"?>
2<manifest xmlns:android="http://schemas.android.com/apk/res/android"
3    package="com.example.wd_cust_mobile_app"
4    android:versionCode="1"
5    android:versionName="1.0.0" >
6
7    <uses-sdk
8        android:minSdkVersion="24"
9        android:targetSdkVersion="36" />
10
11    <uses-permission android:name="android.permission.ACCESS_FINE_LOCATION" />
11-->src\main\AndroidManifest.xml:2:5-79
11-->src\main\AndroidManifest.xml:2:22-76
12    <uses-permission android:name="android.permission.ACCESS_COARSE_LOCATION" />
12-->src\main\AndroidManifest.xml:3:5-81
12-->src\main\AndroidManifest.xml:3:22-78
13    <!--
14         Required to query activities that can process text, see:
15         https://developer.android.com/training/package-visibility and
16         https://developer.android.com/reference/android/content/Intent#ACTION_PROCESS_TEXT.
17
18         In particular, this is used by the Flutter engine in io.flutter.plugin.text.ProcessTextPlugin.
19    -->
20    <queries>
20-->src\main\AndroidManifest.xml:52:5-57:15
21        <intent>
21-->src\main\AndroidManifest.xml:53:9-56:18
22            <action android:name="android.intent.action.PROCESS_TEXT" />
22-->src\main\AndroidManifest.xml:54:13-72
22-->src\main\AndroidManifest.xml:54:21-70
23
24            <data android:mimeType="text/plain" />
24-->src\main\AndroidManifest.xml:55:13-50
24-->src\main\AndroidManifest.xml:55:19-48
25        </intent>
26        <intent>
26-->[:flutter_inappwebview_android] AndroidManifest.xml:8:9-10:18
27            <action android:name="android.support.customtabs.action.CustomTabsService" />
27-->[:flutter_inappwebview_android] AndroidManifest.xml:9:13-90
27-->[:flutter_inappwebview_android] AndroidManifest.xml:9:21-87
28        </intent>
29    </queries>
30
31    <uses-permission
31-->[:open_filex] AndroidManifest.xml:8:5-10:38
32        android:name="android.permission.READ_EXTERNAL_STORAGE"
32-->[:open_filex] AndroidManifest.xml:9:9-64
33        android:maxSdkVersion="32" />
33-->[:open_filex] AndroidManifest.xml:10:9-35
34    <uses-permission android:name="android.permission.READ_MEDIA_IMAGES" />
34-->[:open_filex] AndroidManifest.xml:11:5-76
34-->[:open_filex] AndroidManifest.xml:11:22-73
35    <uses-permission android:name="android.permission.READ_MEDIA_VIDEO" />
35-->[:open_filex] AndroidManifest.xml:12:5-75
35-->[:open_filex] AndroidManifest.xml:12:22-72
36    <uses-permission android:name="android.permission.READ_MEDIA_AUDIO" />
36-->[:open_filex] AndroidManifest.xml:13:5-75
36-->[:open_filex] AndroidManifest.xml:13:22-72
37
38    <permission
38-->[androidx.core:core:1.13.1] AndroidManifest.xml:22:5-24:47
39        android:name="com.example.wd_cust_mobile_app.DYNAMIC_RECEIVER_NOT_EXPORTED_PERMISSION"
39-->[androidx.core:core:1.13.1] AndroidManifest.xml:23:9-81
40        android:protectionLevel="signature" />
40-->[androidx.core:core:1.13.1] AndroidManifest.xml:24:9-44
41
42    <uses-permission android:name="com.example.wd_cust_mobile_app.DYNAMIC_RECEIVER_NOT_EXPORTED_PERMISSION" />
42-->[androidx.core:core:1.13.1] AndroidManifest.xml:26:5-97
42-->[androidx.core:core:1.13.1] AndroidManifest.xml:26:22-94
43
44    <application
45        android:name="android.app.Application"
45-->src\main\AndroidManifest.xml:6:9-42
46        android:appComponentFactory="androidx.core.app.CoreComponentFactory"
46-->[androidx.core:core:1.13.1] AndroidManifest.xml:28:18-86
47        android:extractNativeLibs="false"
48        android:icon="@mipmap/ic_launcher"
48-->src\main\AndroidManifest.xml:7:9-43
49        android:label="wd_cust_mobile_app" >
49-->src\main\AndroidManifest.xml:5:9-43
50        <activity
50-->src\main\AndroidManifest.xml:8:9-40:20
51            android:name="com.example.wd_cust_mobile_app.MainActivity"
51-->src\main\AndroidManifest.xml:9:13-41
52            android:configChanges="orientation|keyboardHidden|keyboard|screenSize|smallestScreenSize|locale|layoutDirection|fontScale|screenLayout|density|uiMode"
52-->src\main\AndroidManifest.xml:14:13-163
53            android:exported="true"
53-->src\main\AndroidManifest.xml:10:13-36
54            android:hardwareAccelerated="true"
54-->src\main\AndroidManifest.xml:15:13-47
55            android:launchMode="singleTop"
55-->src\main\AndroidManifest.xml:11:13-43
56            android:taskAffinity=""
56-->src\main\AndroidManifest.xml:12:13-36
57            android:theme="@style/LaunchTheme"
57-->src\main\AndroidManifest.xml:13:13-47
58            android:windowSoftInputMode="adjustResize" >
58-->src\main\AndroidManifest.xml:16:13-55
59
60            <!--
61                 Specifies an Android theme to apply to this Activity as soon as
62                 the Android process has started. This theme is visible to the user
63                 while the Flutter UI initializes. After that, this theme continues
64                 to determine the Window background behind the Flutter UI.
65            -->
66            <meta-data
66-->src\main\AndroidManifest.xml:21:13-24:17
67                android:name="io.flutter.embedding.android.NormalTheme"
67-->src\main\AndroidManifest.xml:22:15-70
68                android:resource="@style/NormalTheme" />
68-->src\main\AndroidManifest.xml:23:15-52
69
70            <intent-filter>
70-->src\main\AndroidManifest.xml:25:13-28:29
71                <action android:name="android.intent.action.MAIN" />
71-->src\main\AndroidManifest.xml:26:17-68
71-->src\main\AndroidManifest.xml:26:25-66
72
73                <category android:name="android.intent.category.LAUNCHER" />
73-->src\main\AndroidManifest.xml:27:17-76
73-->src\main\AndroidManifest.xml:27:27-74
74            </intent-filter>
75
76            <!-- App Links: intercept password reset emails from the customer portal -->
77            <intent-filter android:autoVerify="true" >
77-->src\main\AndroidManifest.xml:31:13-39:29
77-->src\main\AndroidManifest.xml:31:28-53
78                <action android:name="android.intent.action.VIEW" />
78-->src\main\AndroidManifest.xml:32:17-68
78-->src\main\AndroidManifest.xml:32:25-66
79
80                <category android:name="android.intent.category.DEFAULT" />
80-->src\main\AndroidManifest.xml:33:17-75
80-->src\main\AndroidManifest.xml:33:27-73
81                <category android:name="android.intent.category.BROWSABLE" />
81-->src\main\AndroidManifest.xml:34:17-77
81-->src\main\AndroidManifest.xml:34:27-75
82
83                <data
83-->src\main\AndroidManifest.xml:55:13-50
84                    android:host="app.walldotbuilders.com"
84-->src\main\AndroidManifest.xml:37:21-59
85                    android:pathPrefix="/reset-password"
85-->src\main\AndroidManifest.xml:38:21-57
86                    android:scheme="https" />
86-->src\main\AndroidManifest.xml:36:21-43
87            </intent-filter>
88        </activity>
89        <!--
90             Don't delete the meta-data below.
91             This is used by the Flutter tool to generate GeneratedPluginRegistrant.java
92        -->
93        <meta-data
93-->src\main\AndroidManifest.xml:43:9-45:33
94            android:name="flutterEmbedding"
94-->src\main\AndroidManifest.xml:44:13-44
95            android:value="2" />
95-->src\main\AndroidManifest.xml:45:13-30
96
97        <activity
97-->[:flutter_inappwebview_android] AndroidManifest.xml:14:9-18:47
98            android:name="com.pichillilorenzo.flutter_inappwebview_android.in_app_browser.InAppBrowserActivity"
98-->[:flutter_inappwebview_android] AndroidManifest.xml:15:13-112
99            android:configChanges="orientation|keyboardHidden|keyboard|screenSize|locale|layoutDirection|fontScale|screenLayout|density"
99-->[:flutter_inappwebview_android] AndroidManifest.xml:16:13-137
100            android:exported="false"
100-->[:flutter_inappwebview_android] AndroidManifest.xml:17:13-37
101            android:theme="@style/AppTheme" />
101-->[:flutter_inappwebview_android] AndroidManifest.xml:18:13-44
102        <activity
102-->[:flutter_inappwebview_android] AndroidManifest.xml:19:9-22:55
103            android:name="com.pichillilorenzo.flutter_inappwebview_android.chrome_custom_tabs.ChromeCustomTabsActivity"
103-->[:flutter_inappwebview_android] AndroidManifest.xml:20:13-120
104            android:exported="false"
104-->[:flutter_inappwebview_android] AndroidManifest.xml:21:13-37
105            android:theme="@style/ThemeTransparent" />
105-->[:flutter_inappwebview_android] AndroidManifest.xml:22:13-52
106        <activity
106-->[:flutter_inappwebview_android] AndroidManifest.xml:23:9-26:55
107            android:name="com.pichillilorenzo.flutter_inappwebview_android.chrome_custom_tabs.TrustedWebActivity"
107-->[:flutter_inappwebview_android] AndroidManifest.xml:24:13-114
108            android:exported="false"
108-->[:flutter_inappwebview_android] AndroidManifest.xml:25:13-37
109            android:theme="@style/ThemeTransparent" />
109-->[:flutter_inappwebview_android] AndroidManifest.xml:26:13-52
110        <activity
110-->[:flutter_inappwebview_android] AndroidManifest.xml:27:9-31:55
111            android:name="com.pichillilorenzo.flutter_inappwebview_android.chrome_custom_tabs.ChromeCustomTabsActivitySingleInstance"
111-->[:flutter_inappwebview_android] AndroidManifest.xml:28:13-134
112            android:exported="false"
112-->[:flutter_inappwebview_android] AndroidManifest.xml:29:13-37
113            android:launchMode="singleInstance"
113-->[:flutter_inappwebview_android] AndroidManifest.xml:30:13-48
114            android:theme="@style/ThemeTransparent" />
114-->[:flutter_inappwebview_android] AndroidManifest.xml:31:13-52
115        <activity
115-->[:flutter_inappwebview_android] AndroidManifest.xml:32:9-36:55
116            android:name="com.pichillilorenzo.flutter_inappwebview_android.chrome_custom_tabs.TrustedWebActivitySingleInstance"
116-->[:flutter_inappwebview_android] AndroidManifest.xml:33:13-128
117            android:exported="false"
117-->[:flutter_inappwebview_android] AndroidManifest.xml:34:13-37
118            android:launchMode="singleInstance"
118-->[:flutter_inappwebview_android] AndroidManifest.xml:35:13-48
119            android:theme="@style/ThemeTransparent" />
119-->[:flutter_inappwebview_android] AndroidManifest.xml:36:13-52
120
121        <receiver
121-->[:flutter_inappwebview_android] AndroidManifest.xml:38:9-41:40
122            android:name="com.pichillilorenzo.flutter_inappwebview_android.chrome_custom_tabs.ActionBroadcastReceiver"
122-->[:flutter_inappwebview_android] AndroidManifest.xml:39:13-119
123            android:enabled="true"
123-->[:flutter_inappwebview_android] AndroidManifest.xml:40:13-35
124            android:exported="false" />
124-->[:flutter_inappwebview_android] AndroidManifest.xml:41:13-37
125
126        <meta-data
126-->[:flutter_inappwebview_android] AndroidManifest.xml:43:9-45:36
127            android:name="io.flutter.embedded_views_preview"
127-->[:flutter_inappwebview_android] AndroidManifest.xml:44:13-61
128            android:value="true" />
128-->[:flutter_inappwebview_android] AndroidManifest.xml:45:13-33
129
130        <service
130-->[:geolocator_android] AndroidManifest.xml:8:9-12:56
131            android:name="com.baseflow.geolocator.GeolocatorLocationService"
131-->[:geolocator_android] AndroidManifest.xml:9:13-77
132            android:enabled="true"
132-->[:geolocator_android] AndroidManifest.xml:10:13-35
133            android:exported="false"
133-->[:geolocator_android] AndroidManifest.xml:11:13-37
134            android:foregroundServiceType="location" />
134-->[:geolocator_android] AndroidManifest.xml:12:13-53
135
136        <provider
136-->[:open_filex] AndroidManifest.xml:16:9-25:20
137            android:name="com.crazecoder.openfile.FileProvider"
137-->[:open_filex] AndroidManifest.xml:17:13-64
138            android:authorities="com.example.wd_cust_mobile_app.fileProvider.com.crazecoder.openfile"
138-->[:open_filex] AndroidManifest.xml:18:13-88
139            android:exported="false"
139-->[:open_filex] AndroidManifest.xml:19:13-37
140            android:grantUriPermissions="true" >
140-->[:open_filex] AndroidManifest.xml:20:13-47
141            <meta-data
141-->[:open_filex] AndroidManifest.xml:22:13-24:53
142                android:name="android.support.FILE_PROVIDER_PATHS"
142-->[:open_filex] AndroidManifest.xml:23:17-67
143                android:resource="@xml/filepaths" />
143-->[:open_filex] AndroidManifest.xml:24:17-50
144        </provider>
145        <!--
146           Declares a provider which allows us to store files to share in
147           '.../caches/share_plus' and grant the receiving action access
148        -->
149        <provider
149-->[:share_plus] AndroidManifest.xml:13:9-21:20
150            android:name="dev.fluttercommunity.plus.share.ShareFileProvider"
150-->[:share_plus] AndroidManifest.xml:14:13-77
151            android:authorities="com.example.wd_cust_mobile_app.flutter.share_provider"
151-->[:share_plus] AndroidManifest.xml:15:13-74
152            android:exported="false"
152-->[:share_plus] AndroidManifest.xml:16:13-37
153            android:grantUriPermissions="true" >
153-->[:share_plus] AndroidManifest.xml:17:13-47
154            <meta-data
154-->[:open_filex] AndroidManifest.xml:22:13-24:53
155                android:name="android.support.FILE_PROVIDER_PATHS"
155-->[:open_filex] AndroidManifest.xml:23:17-67
156                android:resource="@xml/flutter_share_file_paths" />
156-->[:open_filex] AndroidManifest.xml:24:17-50
157        </provider>
158        <!--
159           This manifest declared broadcast receiver allows us to use an explicit
160           Intent when creating a PendingItent to be informed of the user's choice
161        -->
162        <receiver
162-->[:share_plus] AndroidManifest.xml:26:9-32:20
163            android:name="dev.fluttercommunity.plus.share.SharePlusPendingIntent"
163-->[:share_plus] AndroidManifest.xml:27:13-82
164            android:exported="false" >
164-->[:share_plus] AndroidManifest.xml:28:13-37
165            <intent-filter>
165-->[:share_plus] AndroidManifest.xml:29:13-31:29
166                <action android:name="EXTRA_CHOSEN_COMPONENT" />
166-->[:share_plus] AndroidManifest.xml:30:17-65
166-->[:share_plus] AndroidManifest.xml:30:25-62
167            </intent-filter>
168        </receiver>
169
170        <activity
170-->[:url_launcher_android] AndroidManifest.xml:8:9-11:74
171            android:name="io.flutter.plugins.urllauncher.WebViewActivity"
171-->[:url_launcher_android] AndroidManifest.xml:9:13-74
172            android:exported="false"
172-->[:url_launcher_android] AndroidManifest.xml:10:13-37
173            android:theme="@android:style/Theme.NoTitleBar.Fullscreen" />
173-->[:url_launcher_android] AndroidManifest.xml:11:13-71
174        <activity
174-->[com.google.android.gms:play-services-base:18.3.0] AndroidManifest.xml:20:9-22:45
175            android:name="com.google.android.gms.common.api.GoogleApiActivity"
175-->[com.google.android.gms:play-services-base:18.3.0] AndroidManifest.xml:20:19-85
176            android:exported="false"
176-->[com.google.android.gms:play-services-base:18.3.0] AndroidManifest.xml:22:19-43
177            android:theme="@android:style/Theme.Translucent.NoTitleBar" />
177-->[com.google.android.gms:play-services-base:18.3.0] AndroidManifest.xml:21:19-78
178
179        <meta-data
179-->[com.google.android.gms:play-services-basement:18.3.0] AndroidManifest.xml:21:9-23:69
180            android:name="com.google.android.gms.version"
180-->[com.google.android.gms:play-services-basement:18.3.0] AndroidManifest.xml:22:13-58
181            android:value="@integer/google_play_services_version" />
181-->[com.google.android.gms:play-services-basement:18.3.0] AndroidManifest.xml:23:13-66
182
183        <uses-library
183-->[androidx.window:window:1.2.0] AndroidManifest.xml:23:9-25:40
184            android:name="androidx.window.extensions"
184-->[androidx.window:window:1.2.0] AndroidManifest.xml:24:13-54
185            android:required="false" />
185-->[androidx.window:window:1.2.0] AndroidManifest.xml:25:13-37
186        <uses-library
186-->[androidx.window:window:1.2.0] AndroidManifest.xml:26:9-28:40
187            android:name="androidx.window.sidecar"
187-->[androidx.window:window:1.2.0] AndroidManifest.xml:27:13-51
188            android:required="false" />
188-->[androidx.window:window:1.2.0] AndroidManifest.xml:28:13-37
189
190        <provider
190-->[androidx.emoji2:emoji2:1.2.0] AndroidManifest.xml:24:9-32:20
191            android:name="androidx.startup.InitializationProvider"
191-->[androidx.emoji2:emoji2:1.2.0] AndroidManifest.xml:25:13-67
192            android:authorities="com.example.wd_cust_mobile_app.androidx-startup"
192-->[androidx.emoji2:emoji2:1.2.0] AndroidManifest.xml:26:13-68
193            android:exported="false" >
193-->[androidx.emoji2:emoji2:1.2.0] AndroidManifest.xml:27:13-37
194            <meta-data
194-->[androidx.emoji2:emoji2:1.2.0] AndroidManifest.xml:29:13-31:52
195                android:name="androidx.emoji2.text.EmojiCompatInitializer"
195-->[androidx.emoji2:emoji2:1.2.0] AndroidManifest.xml:30:17-75
196                android:value="androidx.startup" />
196-->[androidx.emoji2:emoji2:1.2.0] AndroidManifest.xml:31:17-49
197            <meta-data
197-->[androidx.lifecycle:lifecycle-process:2.7.0] AndroidManifest.xml:29:13-31:52
198                android:name="androidx.lifecycle.ProcessLifecycleInitializer"
198-->[androidx.lifecycle:lifecycle-process:2.7.0] AndroidManifest.xml:30:17-78
199                android:value="androidx.startup" />
199-->[androidx.lifecycle:lifecycle-process:2.7.0] AndroidManifest.xml:31:17-49
200            <meta-data
200-->[androidx.profileinstaller:profileinstaller:1.3.1] AndroidManifest.xml:29:13-31:52
201                android:name="androidx.profileinstaller.ProfileInstallerInitializer"
201-->[androidx.profileinstaller:profileinstaller:1.3.1] AndroidManifest.xml:30:17-85
202                android:value="androidx.startup" />
202-->[androidx.profileinstaller:profileinstaller:1.3.1] AndroidManifest.xml:31:17-49
203        </provider>
204
205        <receiver
205-->[androidx.profileinstaller:profileinstaller:1.3.1] AndroidManifest.xml:34:9-52:20
206            android:name="androidx.profileinstaller.ProfileInstallReceiver"
206-->[androidx.profileinstaller:profileinstaller:1.3.1] AndroidManifest.xml:35:13-76
207            android:directBootAware="false"
207-->[androidx.profileinstaller:profileinstaller:1.3.1] AndroidManifest.xml:36:13-44
208            android:enabled="true"
208-->[androidx.profileinstaller:profileinstaller:1.3.1] AndroidManifest.xml:37:13-35
209            android:exported="true"
209-->[androidx.profileinstaller:profileinstaller:1.3.1] AndroidManifest.xml:38:13-36
210            android:permission="android.permission.DUMP" >
210-->[androidx.profileinstaller:profileinstaller:1.3.1] AndroidManifest.xml:39:13-57
211            <intent-filter>
211-->[androidx.profileinstaller:profileinstaller:1.3.1] AndroidManifest.xml:40:13-42:29
212                <action android:name="androidx.profileinstaller.action.INSTALL_PROFILE" />
212-->[androidx.profileinstaller:profileinstaller:1.3.1] AndroidManifest.xml:41:17-91
212-->[androidx.profileinstaller:profileinstaller:1.3.1] AndroidManifest.xml:41:25-88
213            </intent-filter>
214            <intent-filter>
214-->[androidx.profileinstaller:profileinstaller:1.3.1] AndroidManifest.xml:43:13-45:29
215                <action android:name="androidx.profileinstaller.action.SKIP_FILE" />
215-->[androidx.profileinstaller:profileinstaller:1.3.1] AndroidManifest.xml:44:17-85
215-->[androidx.profileinstaller:profileinstaller:1.3.1] AndroidManifest.xml:44:25-82
216            </intent-filter>
217            <intent-filter>
217-->[androidx.profileinstaller:profileinstaller:1.3.1] AndroidManifest.xml:46:13-48:29
218                <action android:name="androidx.profileinstaller.action.SAVE_PROFILE" />
218-->[androidx.profileinstaller:profileinstaller:1.3.1] AndroidManifest.xml:47:17-88
218-->[androidx.profileinstaller:profileinstaller:1.3.1] AndroidManifest.xml:47:25-85
219            </intent-filter>
220            <intent-filter>
220-->[androidx.profileinstaller:profileinstaller:1.3.1] AndroidManifest.xml:49:13-51:29
221                <action android:name="androidx.profileinstaller.action.BENCHMARK_OPERATION" />
221-->[androidx.profileinstaller:profileinstaller:1.3.1] AndroidManifest.xml:50:17-95
221-->[androidx.profileinstaller:profileinstaller:1.3.1] AndroidManifest.xml:50:25-92
222            </intent-filter>
223        </receiver>
224    </application>
225
226</manifest>